android/app/build/intermediates/manifest_merge_blame_file/debug/manifest-merger-blame-debug-report.txt
1<?xml version="1.0" encoding="utf-8"?>
2<manifest xmlns:android="http://schemas.android.com/apk/res/android"
3    package="com.stevesnewsapp"
4    android:versionCode="1"
5    android:versionName="1.0" >
6
7    <uses-sdk
8        android:minSdkVersion="21"
9        android:targetSdkVersion="31" />
10
11    <uses-permission android:name="android.permission.SYSTEM_ALERT_WINDOW" />
11-->src/debug/AndroidManifest.xml:5:5-77
11-->src/debug/AndroidManifest.xml:5:22-75
12    <uses-permission android:name="android.permission.INTERNET" />
12-->src/main/AndroidManifest.xml:3:3-65
12-->src/main/AndroidManifest.xml:3:20-62
13    <uses-permission android:name="android.permission.ACCESS_WIFI_STATE" />
13-->[com.facebook.flipper:flipper:0.125.0] AndroidManifest.xml:16:5-76
13-->[com.facebook.flipper:flipper:0.125.0] AndroidManifest.xml:16:22-73
14
15    <application
15-->src/main/AndroidManifest.xml:5:3-12:17
16        android:name="com.stevesnewsapp.MainApplication"
16-->src/main/AndroidManifest.xml:5:16-47
17        android:allowBackup="false"
17-->src/main/AndroidManifest.xml:5:116-143
18        android:appComponentFactory="androidx.core.app.CoreComponentFactory"
18-->[androidx.core:core:1.6.0] AndroidManifest.xml:24:18-86
19        android:debuggable="true"
20        android:icon="@mipmap/ic_launcher"
20-->src/main/AndroidManifest.xml:5:81-115
21        android:label="@string/app_name"
21-->src/main/AndroidManifest.xml:5:48-80
22        android:theme="@style/AppTheme"
22-->src/main/AndroidManifest.xml:5:144-175
23        android:usesCleartextTraffic="true" >
23-->src/debug/AndroidManifest.xml:8:9-44
24        <activity
24-->src/debug/AndroidManifest.xml:11:9-111
25            android:name="com.facebook.react.devsupport.DevSettingsActivity"
25-->src/debug/AndroidManifest.xml:11:19-83
26            android:exported="false" />
26-->src/debug/AndroidManifest.xml:11:84-108
27        <activity
27-->src/main/AndroidManifest.xml:6:5-11:16
28            android:name="com.stevesnewsapp.MainActivity"
28-->src/main/AndroidManifest.xml:6:15-43
29            android:configChanges="keyboard|keyboardHidden|orientation|screenLayout|screenSize|smallestScreenSize|uiMode"
29-->src/main/AndroidManifest.xml:6:77-186
30            android:exported="true"
30-->src/main/AndroidManifest.xml:6:262-285
31            android:label="@string/app_name"
31-->src/main/AndroidManifest.xml:6:44-76
32            android:launchMode="singleTask"
32-->src/main/AndroidManifest.xml:6:187-218
33            android:windowSoftInputMode="adjustResize" >
33-->src/main/AndroidManifest.xml:6:219-261
34            <intent-filter>
34-->src/main/AndroidManifest.xml:7:7-10:23
35                <action android:name="android.intent.action.MAIN" />
35-->src/main/AndroidManifest.xml:8:9-61
35-->src/main/AndroidManifest.xml:8:17-58
36
37                <category android:name="android.intent.category.LAUNCHER" />
37-->src/main/AndroidManifest.xml:9:9-69
37-->src/main/AndroidManifest.xml:9:19-66
38            </intent-filter>
39        </activity>
40
41        <provider
41-->[:react-native-webview] AndroidManifest.xml:10:9-18:20
42            android:name="com.reactnativecommunity.webview.RNCWebViewFileProvider"
42-->[:react-native-webview] AndroidManifest.xml:11:13-83
43            android:authorities="com.stevesnewsapp.fileprovider"
43-->[:react-native-webview] AndroidManifest.xml:12:13-64
44            android:exported="false"
44-->[:react-native-webview] AndroidManifest.xml:13:13-37
45            android:grantUriPermissions="true" >
45-->[:react-native-webview] AndroidManifest.xml:14:13-47
46            <meta-data
46-->[:react-native-webview] AndroidManifest.xml:15:13-17:63
47                android:name="android.support.FILE_PROVIDER_PATHS"
47-->[:react-native-webview] AndroidManifest.xml:16:17-67
48                android:resource="@xml/file_provider_paths" />
48-->[:react-native-webview] AndroidManifest.xml:17:17-60
49        </provider>
50    </application>
51
52</manifest>